taal-ui-kit/build/intermediates/manifest_merge_blame_file/release/processReleaseManifest/manifest-merger-blame-release-report.txt
1<?xml version="1.0" encoding="utf-8"?>
2<manifest xmlns:android="http://schemas.android.com/apk/res/android"
3    package="com.musediagnostics.taal.uikit" >
4
5    <uses-sdk android:minSdkVersion="24" />
6
7    <uses-permission android:name="android.permission.RECORD_AUDIO" />
7-->src\main\AndroidManifest.xml:4:5-71
7-->src\main\AndroidManifest.xml:4:22-68
8    <uses-permission android:name="android.permission.USB_PERMISSION" />
8-->src\main\AndroidManifest.xml:5:5-73
8-->src\main\AndroidManifest.xml:5:22-70
9
10    <uses-feature
10-->src\main\AndroidManifest.xml:7:5-9:36
11        android:name="android.hardware.usb.host"
11-->src\main\AndroidManifest.xml:8:9-49
12        android:required="false" />
12-->src\main\AndroidManifest.xml:9:9-33
13
14    <application>
14-->src\main\AndroidManifest.xml:11:5-26:19
15        <activity
15-->src\main\AndroidManifest.xml:13:9-18:58
16            android:name="com.musediagnostics.taal.uikit.TaalRecorderActivity"
16-->src\main\AndroidManifest.xml:14:13-49
17            android:exported="true"
17-->src\main\AndroidManifest.xml:15:13-36
18            android:screenOrientation="portrait"
18-->src\main\AndroidManifest.xml:16:13-49
19            android:theme="@style/Theme.TaalUiKit"
19-->src\main\AndroidManifest.xml:17:13-51
20            android:windowSoftInputMode="adjustResize" />
20-->src\main\AndroidManifest.xml:18:13-55
21        <activity
21-->src\main\AndroidManifest.xml:20:9-24:54
22            android:name="com.musediagnostics.taal.uikit.TaalPlayerActivity"
22-->src\main\AndroidManifest.xml:21:13-47
23            android:exported="true"
23-->src\main\AndroidManifest.xml:22:13-36
24            android:screenOrientation="portrait"
24-->src\main\AndroidManifest.xml:23:13-49
25            android:theme="@style/Theme.TaalUiKit" />
25-->src\main\AndroidManifest.xml:24:13-51
26    </application>
27
28</manifest>